<?xml version="1.0" encoding="UTF-8"?>
<testsuite xmlns:xsi="http://www.w3.org/2001/XMLSchema-instance" xsi:noNamespaceSchemaLocation="https://maven.apache.org/surefire/maven-surefire-plugin/xsd/surefire-test-report-3.0.xsd" version="3.0" name="TestSuite" time="53.049" tests="2" errors="0" skipped="0" failures="0">
  <properties>
[...]
</properties>
  <testcase name="chatData[xyz, 9012456780, abd@gmail.com](1)" classname="com.atmecs.excel.dataprovider.PhpChatExcelTest" time="36.208">
    <system-out><![CDATA[rowCount=1
rowCount=1
colCount=3
colCount=3
]]></system-out>
    <system-err><![CDATA[Starting ChromeDriver 85.0.4183.87 (cd6713ebf92fa1cacc0f1a598df280093af0c5d7-refs/branch-heads/4183@{#1689}) on port 30053
Only local connections are allowed.
Please see https://chromedriver.chromium.org/security-considerations for sugge1s6t0io1ns9 o6n k8ee7pi7n5g 9C5hr9om	egDercikvoedrr ivsear	fIeN.FO	
Listening on 127.0.0.1:44739
ChromeDriver was started successfully.
1601968776652	mozrunner::runner	INFO	Running command: "C:\\Program Files\\Mozilla Firefox\\firefox.exe" "--marionette" "-foreground" "-no-remote" "-profile" "C:\\Users\\PUSHPA~1.MAD\\AppData\\Local\\Temp\\rust_mozprofileICtPUe"
Oct 06, 2020 12:49:38 PM org.openqa.selenium.remote.ProtocolHandshake createSession
INFO: Detected dialect: W3C
JavaScript error: resource://gre/modules/XULStore.jsm, line 66: Error: Can't find profile directory.
console.error: SearchCache: "_readCacheFile: Error reading cache file:" (new Error("", "(unknown module)"))
1601968780933	Marionette	INFO	Listening on port 53638
1601968780993	Marionette	WARN	TLS certificate errors will be ignored for this session
Oct 06, 2020 12:49:41 PM org.openqa.selenium.remote.ProtocolHandshake createSession
INFO: Detected dialect: W3C
]]></system-err>
  </testcase>
  <testcase name="chatData[xyz, 9012456780, abd@gmail.com](1)" classname="com.atmecs.excel.dataprovider.PhpChatExcelTest" time="36.61"/>
</testsuite>