<?xml version="1.0" encoding="UTF-8"?>
<testng-results ignored="0" total="2" passed="2" failed="0" skipped="0">
  <reporter-output>
  </reporter-output>
  <suite started-at="2020-10-06T12:49:34 IST" name="TestSuite" finished-at="2020-10-06T12:50:27 IST" duration-ms="52500">
    <groups>
    </groups>
    <test started-at="2020-10-06T12:49:34 IST" name="ChromeTest" finished-at="2020-10-06T12:50:26 IST" duration-ms="51300">
      <class name="com.atmecs.excel.dataprovider.PhpChatExcelTest">
        <test-method is-config="true" signature="setUp(java.lang.String)[pri:0, instance:com.atmecs.excel.dataprovider.PhpChatExcelTest@475e586c]" started-at="2020-10-06T12:49:35 IST" name="setUp" finished-at="2020-10-06T12:49:48 IST" duration-ms="13307" status="PASS">
          <params>
            <param index="0">
              <value>
                <![CDATA[Chrome]]>
              </value>
            </param>
          </params>
          <reporter-output>
          </reporter-output>
        </test-method> <!-- setUp -->
        <test-method signature="chatData(java.lang.String, java.lang.String, java.lang.String)[pri:0, instance:com.atmecs.excel.dataprovider.PhpChatExcelTest@475e586c]" started-at="2020-10-06T12:49:48 IST" name="chatData" data-provider="ChatData" finished-at="2020-10-06T12:50:25 IST" duration-ms="36205" status="PASS">
          <params>
            <param index="0">
              <value>
                <![CDATA[xyz]]>
              </value>
            </param>
            <param index="1">
              <value>
                <![CDATA[9012456780]]>
              </value>
            </param>
            <param index="2">
              <value>
                <![CDATA[abd@gmail.com]]>
              </value>
            </param>
          </params>
          <reporter-output>
          </reporter-output>
        </test-method> <!-- chatData -->
        <test-method is-config="true" signature="tearDown()[pri:0, instance:com.atmecs.excel.dataprovider.PhpChatExcelTest@475e586c]" started-at="2020-10-06T12:50:25 IST" name="tearDown" finished-at="2020-10-06T12:50:26 IST" duration-ms="1061" status="PASS">
          <reporter-output>
          </reporter-output>
        </test-method> <!-- tearDown -->
      </class> <!-- com.atmecs.excel.dataprovider.PhpChatExcelTest -->
    </test> <!-- ChromeTest -->
    <test started-at="2020-10-06T12:49:34 IST" name="FireFoxTest" finished-at="2020-10-06T12:50:27 IST" duration-ms="52500">
      <class name="com.atmecs.excel.dataprovider.PhpChatExcelTest">
        <test-method is-config="true" signature="setUp(java.lang.String)[pri:0, instance:com.atmecs.excel.dataprovider.PhpChatExcelTest@7ff95560]" started-at="2020-10-06T12:49:35 IST" name="setUp" finished-at="2020-10-06T12:49:48 IST" duration-ms="12671" status="PASS">
          <params>
            <param index="0">
              <value>
                <![CDATA[Firefox]]>
              </value>
            </param>
          </params>
          <reporter-output>
          </reporter-output>
        </test-method> <!-- setUp -->
        <test-method signature="chatData(java.lang.String, java.lang.String, java.lang.String)[pri:0, instance:com.atmecs.excel.dataprovider.PhpChatExcelTest@7ff95560]" started-at="2020-10-06T12:49:48 IST" name="chatData" data-provider="ChatData" finished-at="2020-10-06T12:50:25 IST" duration-ms="37246" status="PASS">
          <params>
            <param index="0">
              <value>
                <![CDATA[xyz]]>
              </value>
            </param>
            <param index="1">
              <value>
                <![CDATA[9012456780]]>
              </value>
            </param>
            <param index="2">
              <value>
                <![CDATA[abd@gmail.com]]>
              </value>
            </param>
          </params>
          <reporter-output>
          </reporter-output>
        </test-method> <!-- chatData -->
        <test-method is-config="true" signature="tearDown()[pri:0, instance:com.atmecs.excel.dataprovider.PhpChatExcelTest@7ff95560]" started-at="2020-10-06T12:50:25 IST" name="tearDown" finished-at="2020-10-06T12:50:27 IST" duration-ms="1861" status="PASS">
          <reporter-output>
          </reporter-output>
        </test-method> <!-- tearDown -->
      </class> <!-- com.atmecs.excel.dataprovider.PhpChatExcelTest -->
    </test> <!-- FireFoxTest -->
  </suite> <!-- TestSuite -->
</testng-results>
