<?xml version="1.0" encoding="UTF-8"?>
<testng-results ignored="0" total="2" passed="2" failed="0" skipped="0">
  <reporter-output>
  </reporter-output>
  <suite started-at="2020-10-04T22:32:02 IST" name="Suite" finished-at="2020-10-04T22:33:34 IST" duration-ms="91964">
    <groups>
    </groups>
    <test started-at="2020-10-04T22:32:02 IST" name="Test" finished-at="2020-10-04T22:33:34 IST" duration-ms="91964">
      <class name="com.atmecs.travel_booking.BookingTest">
        <test-method is-config="true" signature="setUp()[pri:0, instance:com.atmecs.travel_booking.BookingTest@4386f16]" started-at="2020-10-04T22:32:59 IST" name="setUp" finished-at="2020-10-04T22:33:12 IST" duration-ms="13843" status="PASS">
          <reporter-output>
          </reporter-output>
        </test-method> <!-- setUp -->
        <test-method signature="bookingTest(java.lang.String, java.lang.String, java.lang.String, java.lang.String)[pri:0, instance:com.atmecs.travel_booking.BookingTest@4386f16]" started-at="2020-10-04T22:33:12 IST" name="bookingTest" data-provider="Data" finished-at="2020-10-04T22:33:33 IST" duration-ms="20602" status="PASS">
          <params>
            <param index="0">
              <value>
                <![CDATA[Mysore]]>
              </value>
            </param>
            <param index="1">
              <value>
                <![CDATA[Kochi]]>
              </value>
            </param>
            <param index="2">
              <value>
                <![CDATA[fare_20201010]]>
              </value>
            </param>
            <param index="3">
              <value>
                <![CDATA[fare_20201012]]>
              </value>
            </param>
          </params>
          <reporter-output>
          </reporter-output>
        </test-method> <!-- bookingTest -->
        <test-method is-config="true" signature="tearDown()[pri:0, instance:com.atmecs.travel_booking.BookingTest@4386f16]" started-at="2020-10-04T22:33:33 IST" name="tearDown" finished-at="2020-10-04T22:33:34 IST" duration-ms="1096" status="PASS">
          <reporter-output>
          </reporter-output>
        </test-method> <!-- tearDown -->
      </class> <!-- com.atmecs.travel_booking.BookingTest -->
      <class name="com.atmecs.travel_booking.SignUpTest">
        <test-method is-config="true" signature="setUp()[pri:0, instance:com.atmecs.travel_booking.SignUpTest@2ea227af]" started-at="2020-10-04T22:32:05 IST" name="setUp" finished-at="2020-10-04T22:32:35 IST" duration-ms="30404" status="PASS">
          <reporter-output>
          </reporter-output>
        </test-method> <!-- setUp -->
        <test-method signature="signUpTest(java.lang.String, java.lang.String)[pri:0, instance:com.atmecs.travel_booking.SignUpTest@2ea227af]" started-at="2020-10-04T22:32:35 IST" name="signUpTest" data-provider="Data" finished-at="2020-10-04T22:32:57 IST" duration-ms="21652" status="PASS">
          <params>
            <param index="0">
              <value>
                <![CDATA[abc@gmail.com]]>
              </value>
            </param>
            <param index="1">
              <value>
                <![CDATA[abc@123]]>
              </value>
            </param>
          </params>
          <reporter-output>
          </reporter-output>
        </test-method> <!-- signUpTest -->
        <test-method is-config="true" signature="tearDown()[pri:0, instance:com.atmecs.travel_booking.SignUpTest@2ea227af]" started-at="2020-10-04T22:32:57 IST" name="tearDown" finished-at="2020-10-04T22:32:58 IST" duration-ms="1232" status="PASS">
          <reporter-output>
          </reporter-output>
        </test-method> <!-- tearDown -->
      </class> <!-- com.atmecs.travel_booking.SignUpTest -->
    </test> <!-- Test -->
  </suite> <!-- Suite -->
</testng-results>
