<?xml version="1.0" encoding="UTF-8"?>
<testng-results ignored="0" total="1" passed="1" failed="0" skipped="0">
  <reporter-output>
  </reporter-output>
  <suite started-at="2020-09-30T13:47:13 IST" name="Suite" finished-at="2020-09-30T13:47:52 IST" duration-ms="39631">
    <groups>
    </groups>
    <test started-at="2020-09-30T13:47:13 IST" name="Test" finished-at="2020-09-30T13:47:52 IST" duration-ms="39631">
      <class name="com.atmecs.excel.dataprovider.ChatExcelTest">
        <test-method is-config="true" signature="setUp()[pri:0, instance:com.atmecs.excel.dataprovider.ChatExcelTest@2bbf180e]" started-at="2020-09-30T13:47:14 IST" name="setUp" finished-at="2020-09-30T13:47:23 IST" duration-ms="9583" status="PASS">
          <reporter-output>
          </reporter-output>
        </test-method> <!-- setUp -->
        <test-method signature="chatData(java.lang.String, java.lang.String, java.lang.String)[pri:0, instance:com.atmecs.excel.dataprovider.ChatExcelTest@2bbf180e]" started-at="2020-09-30T13:47:23 IST" name="chatData" data-provider="ChatData" finished-at="2020-09-30T13:47:51 IST" duration-ms="28217" status="PASS">
          <params>
            <param index="0">
              <value>
                <![CDATA[xyz]]>
              </value>
            </param>
            <param index="1">
              <value>
                <![CDATA[9012456780]]>
              </value>
            </param>
            <param index="2">
              <value>
                <![CDATA[abd@gmail.com]]>
              </value>
            </param>
          </params>
          <reporter-output>
          </reporter-output>
        </test-method> <!-- chatData -->
        <test-method is-config="true" signature="tearDown()[pri:0, instance:com.atmecs.excel.dataprovider.ChatExcelTest@2bbf180e]" started-at="2020-09-30T13:47:51 IST" name="tearDown" finished-at="2020-09-30T13:47:52 IST" duration-ms="931" status="PASS">
          <reporter-output>
          </reporter-output>
        </test-method> <!-- tearDown -->
      </class> <!-- com.atmecs.excel.dataprovider.ChatExcelTest -->
    </test> <!-- Test -->
  </suite> <!-- Suite -->
</testng-results>
