<?xml version="1.0" encoding="UTF-8"?>
<testng-results ignored="0" total="2" passed="2" failed="0" skipped="0">
  <reporter-output>
  </reporter-output>
  <suite started-at="2020-10-07T16:17:05 IST" name="TestSuite" finished-at="2020-10-07T16:18:24 IST" duration-ms="78731">
    <groups>
    </groups>
    <test started-at="2020-10-07T16:17:05 IST" name="ChromeTest" finished-at="2020-10-07T16:18:01 IST" duration-ms="56290">
      <class name="com.atmecs.excel.dataprovider.PhpChatExcelTest">
        <test-method is-config="true" signature="setUp(java.lang.String)[pri:0, instance:com.atmecs.excel.dataprovider.PhpChatExcelTest@78aab498]" started-at="2020-10-07T16:17:07 IST" name="setUp" finished-at="2020-10-07T16:17:22 IST" duration-ms="15061" status="PASS">
          <params>
            <param index="0">
              <value>
                <![CDATA[Chrome]]>
              </value>
            </param>
          </params>
          <reporter-output>
          </reporter-output>
        </test-method> <!-- setUp -->
        <test-method signature="chatData(java.lang.String, java.lang.String, java.lang.String)[pri:0, instance:com.atmecs.excel.dataprovider.PhpChatExcelTest@78aab498]" started-at="2020-10-07T16:17:22 IST" name="chatData" data-provider="ChatData" finished-at="2020-10-07T16:18:00 IST" duration-ms="38106" status="PASS">
          <params>
            <param index="0">
              <value>
                <![CDATA[xyz]]>
              </value>
            </param>
            <param index="1">
              <value>
                <![CDATA[9012456780]]>
              </value>
            </param>
            <param index="2">
              <value>
                <![CDATA[abd@gmail.com]]>
              </value>
            </param>
          </params>
          <reporter-output>
          </reporter-output>
        </test-method> <!-- chatData -->
        <test-method is-config="true" signature="tearDown()[pri:0, instance:com.atmecs.excel.dataprovider.PhpChatExcelTest@78aab498]" started-at="2020-10-07T16:18:00 IST" name="tearDown" finished-at="2020-10-07T16:18:01 IST" duration-ms="1117" status="PASS">
          <reporter-output>
          </reporter-output>
        </test-method> <!-- tearDown -->
      </class> <!-- com.atmecs.excel.dataprovider.PhpChatExcelTest -->
    </test> <!-- ChromeTest -->
    <test started-at="2020-10-07T16:17:05 IST" name="FireFoxTest" finished-at="2020-10-07T16:18:24 IST" duration-ms="78731">
      <class name="com.atmecs.excel.dataprovider.PhpChatExcelTest">
        <test-method is-config="true" signature="setUp(java.lang.String)[pri:0, instance:com.atmecs.excel.dataprovider.PhpChatExcelTest@3eb7fc54]" started-at="2020-10-07T16:17:07 IST" name="setUp" finished-at="2020-10-07T16:17:44 IST" duration-ms="37267" status="PASS">
          <params>
            <param index="0">
              <value>
                <![CDATA[Firefox]]>
              </value>
            </param>
          </params>
          <reporter-output>
          </reporter-output>
        </test-method> <!-- setUp -->
        <test-method signature="chatData(java.lang.String, java.lang.String, java.lang.String)[pri:0, instance:com.atmecs.excel.dataprovider.PhpChatExcelTest@3eb7fc54]" started-at="2020-10-07T16:17:44 IST" name="chatData" data-provider="ChatData" finished-at="2020-10-07T16:18:21 IST" duration-ms="36936" status="PASS">
          <params>
            <param index="0">
              <value>
                <![CDATA[xyz]]>
              </value>
            </param>
            <param index="1">
              <value>
                <![CDATA[9012456780]]>
              </value>
            </param>
            <param index="2">
              <value>
                <![CDATA[abd@gmail.com]]>
              </value>
            </param>
          </params>
          <reporter-output>
          </reporter-output>
        </test-method> <!-- chatData -->
        <test-method is-config="true" signature="tearDown()[pri:0, instance:com.atmecs.excel.dataprovider.PhpChatExcelTest@3eb7fc54]" started-at="2020-10-07T16:18:21 IST" name="tearDown" finished-at="2020-10-07T16:18:24 IST" duration-ms="2556" status="PASS">
          <reporter-output>
          </reporter-output>
        </test-method> <!-- tearDown -->
      </class> <!-- com.atmecs.excel.dataprovider.PhpChatExcelTest -->
    </test> <!-- FireFoxTest -->
  </suite> <!-- TestSuite -->
</testng-results>
