<?xml version="1.0" encoding="UTF-8"?>
<testng-results ignored="0" total="2" passed="2" failed="0" skipped="0">
  <reporter-output>
  </reporter-output>
  <suite started-at="2020-10-06T13:24:08 IST" name="Suite" finished-at="2020-10-06T13:25:09 IST" duration-ms="60742">
    <groups>
    </groups>
    <test started-at="2020-10-06T13:24:08 IST" name="Test" finished-at="2020-10-06T13:25:09 IST" duration-ms="60742">
      <class name="com.atmecs.travel_booking.BookingTest">
        <test-method is-config="true" signature="setUp()[pri:0, instance:com.atmecs.travel_booking.BookingTest@21507a04]" started-at="2020-10-06T13:24:39 IST" name="setUp" finished-at="2020-10-06T13:24:47 IST" duration-ms="7913" status="PASS">
          <reporter-output>
          </reporter-output>
        </test-method> <!-- setUp -->
        <test-method signature="bookingTest(java.lang.String, java.lang.String, java.lang.String, java.lang.String)[pri:0, instance:com.atmecs.travel_booking.BookingTest@21507a04]" started-at="2020-10-06T13:24:47 IST" name="bookingTest" data-provider="Data" finished-at="2020-10-06T13:25:08 IST" duration-ms="20398" status="PASS">
          <params>
            <param index="0">
              <value>
                <![CDATA[Mysore]]>
              </value>
            </param>
            <param index="1">
              <value>
                <![CDATA[Kochi]]>
              </value>
            </param>
            <param index="2">
              <value>
                <![CDATA[fare_20201010]]>
              </value>
            </param>
            <param index="3">
              <value>
                <![CDATA[fare_20201012]]>
              </value>
            </param>
          </params>
          <reporter-output>
          </reporter-output>
        </test-method> <!-- bookingTest -->
        <test-method is-config="true" signature="tearDown()[pri:0, instance:com.atmecs.travel_booking.BookingTest@21507a04]" started-at="2020-10-06T13:25:08 IST" name="tearDown" finished-at="2020-10-06T13:25:09 IST" duration-ms="1244" status="PASS">
          <reporter-output>
          </reporter-output>
        </test-method> <!-- tearDown -->
      </class> <!-- com.atmecs.travel_booking.BookingTest -->
      <class name="com.atmecs.travel_booking.SignUpTest">
        <test-method is-config="true" signature="setUp()[pri:0, instance:com.atmecs.travel_booking.SignUpTest@6646153]" started-at="2020-10-06T13:24:09 IST" name="setUp" finished-at="2020-10-06T13:24:18 IST" duration-ms="8806" status="PASS">
          <reporter-output>
          </reporter-output>
        </test-method> <!-- setUp -->
        <test-method signature="signUpTest(java.lang.String, java.lang.String)[pri:0, instance:com.atmecs.travel_booking.SignUpTest@6646153]" started-at="2020-10-06T13:24:18 IST" name="signUpTest" data-provider="Data" finished-at="2020-10-06T13:24:38 IST" duration-ms="20240" status="PASS">
          <params>
            <param index="0">
              <value>
                <![CDATA[abc@gmail.com]]>
              </value>
            </param>
            <param index="1">
              <value>
                <![CDATA[abc@123]]>
              </value>
            </param>
          </params>
          <reporter-output>
          </reporter-output>
        </test-method> <!-- signUpTest -->
        <test-method is-config="true" signature="tearDown()[pri:0, instance:com.atmecs.travel_booking.SignUpTest@6646153]" started-at="2020-10-06T13:24:38 IST" name="tearDown" finished-at="2020-10-06T13:24:39 IST" duration-ms="1370" status="PASS">
          <reporter-output>
          </reporter-output>
        </test-method> <!-- tearDown -->
      </class> <!-- com.atmecs.travel_booking.SignUpTest -->
    </test> <!-- Test -->
  </suite> <!-- Suite -->
</testng-results>
